<?xml version="1.0" encoding="UTF-8"?>
<!-- Generated by org.testng.reporters.JUnitReportReporter -->
<testsuite hostname="Sanjeev" failures="0" tests="1" name="tests.SecondTest" time="16.369" errors="0" timestamp="2024-02-28T00:43:13 IST" skipped="0">
  <testcase classname="tests.SecondTest" name="secondTest" time="16.369"/>
  <system-out/>
</testsuite> <!-- tests.SecondTest -->
